Starting Program
Triqler version 0.3.1
Copyright (c) 2018-2019 Matthew The. All rights reserved.
Written by Matthew The (matthew.the@scilifelab.se) in the
School of Engineering Sciences in Chemistry, Biotechnology and Health at the 
Royal Institute of Technology in Stockholm.
Issued command: triqler.pyc --fold_change_eval 0 --decoy_pattern REV__ --out_file triqler_result.tsv triqler_input.tsv
Parsing triqler input file
  Reading row 0
  Reading row 1000000
  Reading row 2000000
Calculating identification PEPs
  Identified 715844 PSMs at 1% FDR
Selecting best feature per run and spectrum
  featureClusterIdx: 0
  featureClusterIdx: 100000
  featureClusterIdx: 200000
  featureClusterIdx: 300000
  featureClusterIdx: 400000
  featureClusterIdx: 500000
  featureClusterIdx: 600000
  featureClusterIdx: 700000
  featureClusterIdx: 800000
Dividing intensities by 10000 for increased readability
Converting to peptide quant rows
Calculating peptide-level identification PEPs
  Identified 46716 peptides at 1% FDR
Writing peptide quant rows to file: triqler_input.tsv.pqr.tsv
Calculating protein-level identification PEPs
  Identified 5297 proteins at 1% FDR
Fitting hyperparameters
  Warning: muDetect outside of expected region [ -1.3504368914279072 , 5.954078542275598 ]: -288.3784585056556 .
  Warning: sigmaDetect outside of expected region [0.1,2.0]: 86.19073209429749 .
    Resetting mu/sigmaDetect hyperparameters to default values of muDetect = muXIC - 1.0 and sigmaDetect = 0.3
  params["muDetect"], params["sigmaDetect"] = 1.301821, 0.300000
  params["muXIC"], params["sigmaXIC"] = 2.301821, 0.730452
  params["muProtein"], params["sigmaProtein"] = 0.000080, 0.217164
  params["muFeatureDiff"], params["sigmaFeatureDiff"] = -0.030176, 0.296517
  params["shapeInGroupStdevs"], params["scaleInGroupStdevs"] = 1.754814, 0.119312
Calculating protein posteriors
Warning: failed to converge for protein REV__A2RUB1
Warning: failed to converge for protein Q9UEY8
Warning: failed to converge for protein Q9H0J9
Warning: failed to converge for protein Q9HA77
Warning: failed to converge for protein P53041
Warning: failed to converge for protein Q9UDY4
Warning: failed to converge for protein Q13439
Warning: failed to converge for protein P0ACR9
Warning: failed to converge for protein Q6WCQ1
  50 / 17141 0.29%
  100 / 17141 0.58%
  150 / 17141 0.88%
  200 / 17141 1.17%
  250 / 17141 1.46%
  300 / 17141 1.75%
  350 / 17141 2.04%
  400 / 17141 2.33%
  450 / 17141 2.63%
  500 / 17141 2.92%
  550 / 17141 3.21%
  600 / 17141 3.50%
  650 / 17141 3.79%
  700 / 17141 4.08%
  750 / 17141 4.38%
  800 / 17141 4.67%
  850 / 17141 4.96%
  900 / 17141 5.25%
  950 / 17141 5.54%
  1000 / 17141 5.83%
  1050 / 17141 6.13%
  1100 / 17141 6.42%
  1150 / 17141 6.71%
  1200 / 17141 7.00%
  1250 / 17141 7.29%
  1300 / 17141 7.58%
  1350 / 17141 7.88%
  1400 / 17141 8.17%
  1450 / 17141 8.46%
  1500 / 17141 8.75%
  1550 / 17141 9.04%
  1600 / 17141 9.33%
  1650 / 17141 9.63%
  1700 / 17141 9.92%
  1750 / 17141 10.21%
  1800 / 17141 10.50%
  1850 / 17141 10.79%
  1900 / 17141 11.08%
  1950 / 17141 11.38%
  2000 / 17141 11.67%
  2050 / 17141 11.96%
  2100 / 17141 12.25%
  2150 / 17141 12.54%
  2200 / 17141 12.83%
  2250 / 17141 13.13%
  2300 / 17141 13.42%
  2350 / 17141 13.71%
  2400 / 17141 14.00%
  2450 / 17141 14.29%
  2500 / 17141 14.58%
  2550 / 17141 14.88%
  2600 / 17141 15.17%
  2650 / 17141 15.46%
  2700 / 17141 15.75%
  2750 / 17141 16.04%
  2800 / 17141 16.34%
  2850 / 17141 16.63%
  2900 / 17141 16.92%
  2950 / 17141 17.21%
  3000 / 17141 17.50%
  3050 / 17141 17.79%
  3100 / 17141 18.09%
  3150 / 17141 18.38%
  3200 / 17141 18.67%
  3250 / 17141 18.96%
  3300 / 17141 19.25%
  3350 / 17141 19.54%
  3400 / 17141 19.84%
  3450 / 17141 20.13%
  3500 / 17141 20.42%
  3550 / 17141 20.71%
  3600 / 17141 21.00%
  3650 / 17141 21.29%
  3700 / 17141 21.59%
  3750 / 17141 21.88%
  3800 / 17141 22.17%
  3850 / 17141 22.46%
  3900 / 17141 22.75%
  3950 / 17141 23.04%
  4000 / 17141 23.34%
  4050 / 17141 23.63%
  4100 / 17141 23.92%
  4150 / 17141 24.21%
  4200 / 17141 24.50%
  4250 / 17141 24.79%
  4300 / 17141 25.09%
  4350 / 17141 25.38%
  4400 / 17141 25.67%
  4450 / 17141 25.96%
  4500 / 17141 26.25%
  4550 / 17141 26.54%
  4600 / 17141 26.84%
  4650 / 17141 27.13%
  4700 / 17141 27.42%
  4750 / 17141 27.71%
  4800 / 17141 28.00%
  4850 / 17141 28.29%
  4900 / 17141 28.59%
  4950 / 17141 28.88%
  5000 / 17141 29.17%
  5050 / 17141 29.46%
  5100 / 17141 29.75%
  5150 / 17141 30.04%
  5200 / 17141 30.34%
  5250 / 17141 30.63%
  5300 / 17141 30.92%
  5350 / 17141 31.21%
  5400 / 17141 31.50%
  5450 / 17141 31.80%
  5500 / 17141 32.09%
  5550 / 17141 32.38%
  5600 / 17141 32.67%
  5650 / 17141 32.96%
  5700 / 17141 33.25%
  5750 / 17141 33.55%
  5800 / 17141 33.84%
  5850 / 17141 34.13%
  5900 / 17141 34.42%
  5950 / 17141 34.71%
  6000 / 17141 35.00%
  6050 / 17141 35.30%
  6100 / 17141 35.59%
  6150 / 17141 35.88%
  6200 / 17141 36.17%
  6250 / 17141 36.46%
  6300 / 17141 36.75%
  6350 / 17141 37.05%
  6400 / 17141 37.34%
  6450 / 17141 37.63%
  6500 / 17141 37.92%
  6550 / 17141 38.21%
  6600 / 17141 38.50%
  6650 / 17141 38.80%
  6700 / 17141 39.09%
  6750 / 17141 39.38%
  6800 / 17141 39.67%
  6850 / 17141 39.96%
  6900 / 17141 40.25%
  6950 / 17141 40.55%
  7000 / 17141 40.84%
  7050 / 17141 41.13%
  7100 / 17141 41.42%
  7150 / 17141 41.71%
  7200 / 17141 42.00%
  7250 / 17141 42.30%
  7300 / 17141 42.59%
  7350 / 17141 42.88%
  7400 / 17141 43.17%
  7450 / 17141 43.46%
  7500 / 17141 43.75%
  7550 / 17141 44.05%
  7600 / 17141 44.34%
  7650 / 17141 44.63%
  7700 / 17141 44.92%
  7750 / 17141 45.21%
  7800 / 17141 45.50%
  7850 / 17141 45.80%
  7900 / 17141 46.09%
  7950 / 17141 46.38%
  8000 / 17141 46.67%
  8050 / 17141 46.96%
  8100 / 17141 47.26%
  8150 / 17141 47.55%
  8200 / 17141 47.84%
  8250 / 17141 48.13%
  8300 / 17141 48.42%
  8350 / 17141 48.71%
  8400 / 17141 49.01%
  8450 / 17141 49.30%
  8500 / 17141 49.59%
  8550 / 17141 49.88%
  8600 / 17141 50.17%
  8650 / 17141 50.46%
  8700 / 17141 50.76%
  8750 / 17141 51.05%
  8800 / 17141 51.34%
  8850 / 17141 51.63%
  8900 / 17141 51.92%
  8950 / 17141 52.21%
  9000 / 17141 52.51%
  9050 / 17141 52.80%
  9100 / 17141 53.09%
  9150 / 17141 53.38%
  9200 / 17141 53.67%
  9250 / 17141 53.96%
  9300 / 17141 54.26%
  9350 / 17141 54.55%
  9400 / 17141 54.84%
  9450 / 17141 55.13%
  9500 / 17141 55.42%
  9550 / 17141 55.71%
  9600 / 17141 56.01%
  9650 / 17141 56.30%
  9700 / 17141 56.59%
  9750 / 17141 56.88%
  9800 / 17141 57.17%
  9850 / 17141 57.46%
  9900 / 17141 57.76%
  9950 / 17141 58.05%
  10000 / 17141 58.34%
  10050 / 17141 58.63%
  10100 / 17141 58.92%
  10150 / 17141 59.21%
  10200 / 17141 59.51%
  10250 / 17141 59.80%
  10300 / 17141 60.09%
  10350 / 17141 60.38%
  10400 / 17141 60.67%
  10450 / 17141 60.96%
  10500 / 17141 61.26%
  10550 / 17141 61.55%
  10600 / 17141 61.84%
  10650 / 17141 62.13%
  10700 / 17141 62.42%
  10750 / 17141 62.72%
  10800 / 17141 63.01%
  10850 / 17141 63.30%
  10900 / 17141 63.59%
  10950 / 17141 63.88%
  11000 / 17141 64.17%
  11050 / 17141 64.47%
  11100 / 17141 64.76%
  11150 / 17141 65.05%
  11200 / 17141 65.34%
  11250 / 17141 65.63%
  11300 / 17141 65.92%
  11350 / 17141 66.22%
  11400 / 17141 66.51%
  11450 / 17141 66.80%
  11500 / 17141 67.09%
  11550 / 17141 67.38%
  11600 / 17141 67.67%
  11650 / 17141 67.97%
  11700 / 17141 68.26%
  11750 / 17141 68.55%
  11800 / 17141 68.84%
  11850 / 17141 69.13%
  11900 / 17141 69.42%
  11950 / 17141 69.72%
  12000 / 17141 70.01%
  12050 / 17141 70.30%
  12100 / 17141 70.59%
  12150 / 17141 70.88%
  12200 / 17141 71.17%
  12250 / 17141 71.47%
  12300 / 17141 71.76%
  12350 / 17141 72.05%
  12400 / 17141 72.34%
  12450 / 17141 72.63%
  12500 / 17141 72.92%
  12550 / 17141 73.22%
  12600 / 17141 73.51%
  12650 / 17141 73.80%
  12700 / 17141 74.09%
  12750 / 17141 74.38%
  12800 / 17141 74.67%
  12850 / 17141 74.97%
  12900 / 17141 75.26%
  12950 / 17141 75.55%
  13000 / 17141 75.84%
  13050 / 17141 76.13%
  13100 / 17141 76.42%
  13150 / 17141 76.72%
  13200 / 17141 77.01%
  13250 / 17141 77.30%
  13300 / 17141 77.59%
  13350 / 17141 77.88%
  13400 / 17141 78.18%
  13450 / 17141 78.47%
  13500 / 17141 78.76%
  13550 / 17141 79.05%
  13600 / 17141 79.34%
  13650 / 17141 79.63%
  13700 / 17141 79.93%
  13750 / 17141 80.22%
  13800 / 17141 80.51%
  13850 / 17141 80.80%
  13900 / 17141 81.09%
  13950 / 17141 81.38%
  14000 / 17141 81.68%
  14050 / 17141 81.97%
  14100 / 17141 82.26%
  14150 / 17141 82.55%
  14200 / 17141 82.84%
  14250 / 17141 83.13%
  14300 / 17141 83.43%
  14350 / 17141 83.72%
  14400 / 17141 84.01%
  14450 / 17141 84.30%
  14500 / 17141 84.59%
  14550 / 17141 84.88%
  14600 / 17141 85.18%
  14650 / 17141 85.47%
  14700 / 17141 85.76%
  14750 / 17141 86.05%
  14800 / 17141 86.34%
  14850 / 17141 86.63%
  14900 / 17141 86.93%
  14950 / 17141 87.22%
  15000 / 17141 87.51%
  15050 / 17141 87.80%
  15100 / 17141 88.09%
  15150 / 17141 88.38%
  15200 / 17141 88.68%
  15250 / 17141 88.97%
  15300 / 17141 89.26%
  15350 / 17141 89.55%
  15400 / 17141 89.84%
  15450 / 17141 90.13%
  15500 / 17141 90.43%
  15550 / 17141 90.72%
  15600 / 17141 91.01%
  15650 / 17141 91.30%
  15700 / 17141 91.59%
  15750 / 17141 91.88%
  15800 / 17141 92.18%
  15850 / 17141 92.47%
  15900 / 17141 92.76%
  15950 / 17141 93.05%
  16000 / 17141 93.34%
  16050 / 17141 93.64%
  16100 / 17141 93.93%
  16150 / 17141 94.22%
  16200 / 17141 94.51%
  16250 / 17141 94.80%
  16300 / 17141 95.09%
  16350 / 17141 95.39%
  16400 / 17141 95.68%
  16450 / 17141 95.97%
  16500 / 17141 96.26%
  16550 / 17141 96.55%
  16600 / 17141 96.84%
  16650 / 17141 97.14%
  16700 / 17141 97.43%
  16750 / 17141 97.72%
  16800 / 17141 98.01%
  16850 / 17141 98.30%
  16900 / 17141 98.59%
  16950 / 17141 98.89%
  17000 / 17141 99.18%
  17050 / 17141 99.47%
  17100 / 17141 99.76%
Comparing 2:L to 3:H
  output file: triqler_result.tsv
  Found 6259 target proteins as differentially abundant at 5% FDR
Triqler execution took 380.768383026 seconds wall clock time
Finished Program
